E:\CODE\MIMI\BUILD\STDPLUGIN\DEBUG\MIPLPOLYGONOBJECTPLANE.OBJ
E:\CODE\MIMI\BUILD\STDPLUGIN\DEBUG\MIPLSTD.OBJ
E:\CODE\MIMI\BUILD\STDPLUGIN\DEBUG\VC110.PDB
E:\CODE\MIMI\BIN32\PLUGINS\STDPLUGIN.ILK
E:\CODE\MIMI\BIN32\PLUGINS\STDPLUGIN.PLG
E:\CODE\MIMI\BIN32\PLUGINS\STDPLUGIN.PDB
E:\Code\MiMi\bin32\plugins\stdPlugin.lib
E:\Code\MiMi\bin32\plugins\stdPlugin.exp
E:\Code\MiMi\build\stdPlugin\Debug\miplPolygonObjectPlane.obj
E:\Code\MiMi\build\stdPlugin\Debug\miplStd.obj
E:\Code\MiMi\build\stdPlugin\Debug\cl.command.1.tlog
E:\Code\MiMi\build\stdPlugin\Debug\CL.read.1.tlog
E:\Code\MiMi\build\stdPlugin\Debug\CL.write.1.tlog
E:\Code\MiMi\build\stdPlugin\Debug\link-cvtres.read.1.tlog
E:\Code\MiMi\build\stdPlugin\Debug\link-cvtres.write.1.tlog
E:\Code\MiMi\build\stdPlugin\Debug\link-rc.read.1.tlog
E:\Code\MiMi\build\stdPlugin\Debug\link-rc.write.1.tlog
E:\Code\MiMi\build\stdPlugin\Debug\link.5284-cvtres.read.1.tlog
E:\Code\MiMi\build\stdPlugin\Debug\link.5284-cvtres.write.1.tlog
E:\Code\MiMi\build\stdPlugin\Debug\link.5284-rc.read.1.tlog
E:\Code\MiMi\build\stdPlugin\Debug\link.5284-rc.write.1.tlog
E:\Code\MiMi\build\stdPlugin\Debug\link.5284.read.1.tlog
E:\Code\MiMi\build\stdPlugin\Debug\link.5284.write.1.tlog
E:\Code\MiMi\build\stdPlugin\Debug\link.command.1.tlog
E:\Code\MiMi\build\stdPlugin\Debug\link.read.1.tlog
E:\Code\MiMi\build\stdPlugin\Debug\link.write.1.tlog
E:\Code\MiMi\build\stdPlugin\Debug\stdPlugin.write.1.tlog
E:\Code\MiMi\build\stdPlugin\Debug\vc110.idb
E:\Code\MiMi\build\stdPlugin\Debug\vc110.pdb
E:\Code\MiMi\build\stdPlugin\../../bin32/plugins/stdPlugin.plg
